<?xml version="1.0" encoding="UTF-8"?>
<testng-results skipped="13" failed="0" total="13" passed="0">
  <reporter-output>
  </reporter-output>
  <suite name="Suite" duration-ms="2216" started-at="2017-06-13T07:27:09Z" finished-at="2017-06-13T07:27:11Z">
    <groups>
    </groups>
    <test name="Test" duration-ms="2216" started-at="2017-06-13T07:27:09Z" finished-at="2017-06-13T07:27:11Z">
      <class name="KontaktTelecom.KontaktTelecom">
        <test-method status="FAIL" signature="setUp()[pri:0, instance:KontaktTelecom.KontaktTelecom@2d3fcdbd]" name="setUp" is-config="true" duration-ms="0" started-at="2017-06-13T12:57:09Z" finished-at="2017-06-13T12:57:09Z">
          <exception class="org.openqa.selenium.remote.UnreachableBrowserException">
            <message>
              <![CDATA[Could not start a new session. Possible causes are invalid address of the remote server or browser start-up failure.
Build info: version: '2.45.0', revision: '5017cb8e7ca8e37638dc3091b2440b90a1d8686f', time: '2015-02-27 09:10:26'
System info: host: 'Testing-2', ip: '172.16.20.88', os.name: 'Windows 7', os.arch: 'amd64', os.version: '6.1', java.version: '1.8.0_111'
Driver info: driver.version: AndroidDriver]]>
            </message>
            <full-stacktrace>
              <![CDATA[org.openqa.selenium.remote.UnreachableBrowserException: Could not start a new session. Possible causes are invalid address of the remote server or browser start-up failure.
Build info: version: '2.45.0', revision: '5017cb8e7ca8e37638dc3091b2440b90a1d8686f', time: '2015-02-27 09:10:26'
System info: host: 'Testing-2', ip: '172.16.20.88', os.name: 'Windows 7', os.arch: 'amd64', os.version: '6.1', java.version: '1.8.0_111'
Driver info: driver.version: AndroidDriver
	at org.openqa.selenium.remote.RemoteWebDriver.execute(RemoteWebDriver.java:593)
	at io.appium.java_client.DefaultGenericMobileDriver.execute(DefaultGenericMobileDriver.java:42)
	at io.appium.java_client.AppiumDriver.execute(AppiumDriver.java:1)
	at io.appium.java_client.android.AndroidDriver.execute(AndroidDriver.java:1)
	at org.openqa.selenium.remote.RemoteWebDriver.startSession(RemoteWebDriver.java:240)
	at org.openqa.selenium.remote.RemoteWebDriver.<init>(RemoteWebDriver.java:126)
	at org.openqa.selenium.remote.RemoteWebDriver.<init>(RemoteWebDriver.java:139)
	at io.appium.java_client.DefaultGenericMobileDriver.<init>(DefaultGenericMobileDriver.java:37)
	at io.appium.java_client.AppiumDriver.<init>(AppiumDriver.java:161)
	at io.appium.java_client.AppiumDriver.<init>(AppiumDriver.java:170)
	at io.appium.java_client.android.AndroidDriver.<init>(AndroidDriver.java:82)
	at KontaktTelecom.KontaktTelecom.setUp(KontaktTelecom.java:42)
	at sun.reflect.NativeMethodAccessorImpl.invoke0(Native Method)
	at sun.reflect.NativeMethodAccessorImpl.invoke(NativeMethodAccessorImpl.java:62)
	at sun.reflect.DelegatingMethodAccessorImpl.invoke(DelegatingMethodAccessorImpl.java:43)
	at java.lang.reflect.Method.invoke(Method.java:498)
	at org.testng.internal.MethodInvocationHelper.invokeMethod(MethodInvocationHelper.java:80)
	at org.testng.internal.Invoker.invokeConfigurationMethod(Invoker.java:564)
	at org.testng.internal.Invoker.invokeConfigurations(Invoker.java:213)
	at org.testng.internal.Invoker.invokeConfigurations(Invoker.java:138)
	at org.testng.TestRunner.beforeRun(TestRunner.java:641)
	at org.testng.TestRunner.run(TestRunner.java:609)
	at org.testng.SuiteRunner.runTest(SuiteRunner.java:334)
	at org.testng.SuiteRunner.runSequentially(SuiteRunner.java:329)
	at org.testng.SuiteRunner.privateRun(SuiteRunner.java:291)
	at org.testng.SuiteRunner.run(SuiteRunner.java:240)
	at org.testng.SuiteRunnerWorker.runSuite(SuiteRunnerWorker.java:52)
	at org.testng.SuiteRunnerWorker.run(SuiteRunnerWorker.java:86)
	at org.testng.TestNG.runSuitesSequentially(TestNG.java:1198)
	at org.testng.TestNG.runSuitesLocally(TestNG.java:1123)
	at org.testng.TestNG.run(TestNG.java:1031)
	at org.apache.maven.surefire.testng.TestNGExecutor.run(TestNGExecutor.java:177)
	at org.apache.maven.surefire.testng.TestNGXmlTestSuite.execute(TestNGXmlTestSuite.java:92)
	at org.apache.maven.surefire.testng.TestNGProvider.invoke(TestNGProvider.java:105)
	at sun.reflect.NativeMethodAccessorImpl.invoke0(Native Method)
	at sun.reflect.NativeMethodAccessorImpl.invoke(NativeMethodAccessorImpl.java:62)
	at sun.reflect.DelegatingMethodAccessorImpl.invoke(DelegatingMethodAccessorImpl.java:43)
	at java.lang.reflect.Method.invoke(Method.java:498)
	at org.apache.maven.surefire.util.ReflectionUtils.invokeMethodWithArray(ReflectionUtils.java:189)
	at org.apache.maven.surefire.booter.ProviderFactory$ProviderProxy.invoke(ProviderFactory.java:165)
	at org.apache.maven.surefire.booter.ProviderFactory.invokeProvider(ProviderFactory.java:85)
	at org.apache.maven.surefire.booter.ForkedBooter.runSuitesInProcess(ForkedBooter.java:103)
	at org.apache.maven.surefire.booter.ForkedBooter.main(ForkedBooter.java:74)
Caused by: org.openqa.selenium.WebDriverException: org.apache.http.conn.HttpHostConnectException: Connect to 172.16.21.190:4723 [/172.16.21.190] failed: Connection refused: connect
Build info: version: '2.45.0', revision: '5017cb8e7ca8e37638dc3091b2440b90a1d8686f', time: '2015-02-27 09:10:26'
System info: host: 'Testing-2', ip: '172.16.20.88', os.name: 'Windows 7', os.arch: 'amd64', os.version: '6.1', java.version: '1.8.0_111'
Driver info: driver.version: AndroidDriver
	at io.appium.java_client.remote.AppiumCommandExecutor.execute(AppiumCommandExecutor.java:79)
	at org.openqa.selenium.remote.RemoteWebDriver.execute(RemoteWebDriver.java:572)
	... 42 more
Caused by: org.apache.http.conn.HttpHostConnectException: Connect to 172.16.21.190:4723 [/172.16.21.190] failed: Connection refused: connect
	at org.apache.http.impl.conn.HttpClientConnectionOperator.connect(HttpClientConnectionOperator.java:140)
	at org.apache.http.impl.conn.PoolingHttpClientConnectionManager.connect(PoolingHttpClientConnectionManager.java:314)
	at org.apache.http.impl.execchain.MainClientExec.establishRoute(MainClientExec.java:363)
	at org.apache.http.impl.execchain.MainClientExec.execute(MainClientExec.java:219)
	at org.apache.http.impl.execchain.ProtocolExec.execute(ProtocolExec.java:195)
	at org.apache.http.impl.execchain.RetryExec.execute(RetryExec.java:86)
	at org.apache.http.impl.execchain.RedirectExec.execute(RedirectExec.java:108)
	at org.apache.http.impl.client.InternalHttpClient.doExecute(InternalHttpClient.java:186)
	at org.apache.http.impl.client.CloseableHttpClient.execute(CloseableHttpClient.java:72)
	at org.apache.http.impl.client.CloseableHttpClient.execute(CloseableHttpClient.java:57)
	at org.openqa.selenium.remote.internal.ApacheHttpClient.fallBackExecute(ApacheHttpClient.java:126)
	at org.openqa.selenium.remote.internal.ApacheHttpClient.execute(ApacheHttpClient.java:72)
	at org.openqa.selenium.remote.HttpCommandExecutor.execute(HttpCommandExecutor.java:133)
	at io.appium.java_client.remote.AppiumCommandExecutor.execute(AppiumCommandExecutor.java:67)
	... 43 more
Caused by: java.net.ConnectException: Connection refused: connect
	at java.net.DualStackPlainSocketImpl.waitForConnect(Native Method)
	at java.net.DualStackPlainSocketImpl.socketConnect(DualStackPlainSocketImpl.java:85)
	at java.net.AbstractPlainSocketImpl.doConnect(AbstractPlainSocketImpl.java:350)
	at java.net.AbstractPlainSocketImpl.connectToAddress(AbstractPlainSocketImpl.java:206)
	at java.net.AbstractPlainSocketImpl.connect(AbstractPlainSocketImpl.java:188)
	at java.net.PlainSocketImpl.connect(PlainSocketImpl.java:172)
	at java.net.SocksSocketImpl.connect(SocksSocketImpl.java:392)
	at java.net.Socket.connect(Socket.java:589)
	at org.apache.http.conn.socket.PlainConnectionSocketFactory.connectSocket(PlainConnectionSocketFactory.java:72)
	at org.apache.http.impl.conn.HttpClientConnectionOperator.connect(HttpClientConnectionOperator.java:117)
	... 56 more
]]>
            </full-stacktrace>
          </exception> <!-- org.openqa.selenium.remote.UnreachableBrowserException -->
          <reporter-output>
          </reporter-output>
        </test-method> <!-- setUp -->
        <test-method status="SKIP" signature="SetUp()[pri:0, instance:KontaktTelecom.KontaktTelecom@2d3fcdbd]" name="SetUp" duration-ms="1" started-at="2017-06-13T12:57:11Z" finished-at="2017-06-13T12:57:11Z">
          <reporter-output>
          </reporter-output>
        </test-method> <!-- SetUp -->
        <test-method status="SKIP" signature="tearDown(org.testng.ITestResult)[pri:0, instance:KontaktTelecom.KontaktTelecom@2d3fcdbd]" name="tearDown" is-config="true" duration-ms="0" started-at="2017-06-13T12:57:11Z" finished-at="2017-06-13T12:57:11Z">
          <reporter-output>
          </reporter-output>
        </test-method> <!-- tearDown -->
        <test-method status="SKIP" signature="EnableServiceStickers()[pri:0, instance:KontaktTelecom.KontaktTelecom@2d3fcdbd]" name="EnableServiceStickers" duration-ms="0" started-at="2017-06-13T12:57:11Z" finished-at="2017-06-13T12:57:11Z">
          <reporter-output>
          </reporter-output>
        </test-method> <!-- EnableServiceStickers -->
        <test-method status="SKIP" signature="tearDown(org.testng.ITestResult)[pri:0, instance:KontaktTelecom.KontaktTelecom@2d3fcdbd]" name="tearDown" is-config="true" duration-ms="0" started-at="2017-06-13T12:57:11Z" finished-at="2017-06-13T12:57:11Z">
          <reporter-output>
          </reporter-output>
        </test-method> <!-- tearDown -->
        <test-method status="SKIP" signature="StickersKeyBoardSelection()[pri:0, instance:KontaktTelecom.KontaktTelecom@2d3fcdbd]" name="StickersKeyBoardSelection" duration-ms="0" started-at="2017-06-13T12:57:11Z" finished-at="2017-06-13T12:57:11Z">
          <reporter-output>
          </reporter-output>
        </test-method> <!-- StickersKeyBoardSelection -->
        <test-method status="SKIP" signature="tearDown(org.testng.ITestResult)[pri:0, instance:KontaktTelecom.KontaktTelecom@2d3fcdbd]" name="tearDown" is-config="true" duration-ms="0" started-at="2017-06-13T12:57:11Z" finished-at="2017-06-13T12:57:11Z">
          <reporter-output>
          </reporter-output>
        </test-method> <!-- tearDown -->
        <test-method status="SKIP" signature="NewMessage()[pri:0, instance:KontaktTelecom.KontaktTelecom@2d3fcdbd]" name="NewMessage" duration-ms="0" started-at="2017-06-13T12:57:11Z" finished-at="2017-06-13T12:57:11Z">
          <reporter-output>
          </reporter-output>
        </test-method> <!-- NewMessage -->
        <test-method status="SKIP" signature="tearDown(org.testng.ITestResult)[pri:0, instance:KontaktTelecom.KontaktTelecom@2d3fcdbd]" name="tearDown" is-config="true" duration-ms="0" started-at="2017-06-13T12:57:11Z" finished-at="2017-06-13T12:57:11Z">
          <reporter-output>
          </reporter-output>
        </test-method> <!-- tearDown -->
        <test-method status="SKIP" signature="TwitterChannelSelection()[pri:0, instance:KontaktTelecom.KontaktTelecom@2d3fcdbd]" name="TwitterChannelSelection" duration-ms="0" started-at="2017-06-13T12:57:11Z" finished-at="2017-06-13T12:57:11Z">
          <reporter-output>
          </reporter-output>
        </test-method> <!-- TwitterChannelSelection -->
        <test-method status="SKIP" signature="tearDown(org.testng.ITestResult)[pri:0, instance:KontaktTelecom.KontaktTelecom@2d3fcdbd]" name="tearDown" is-config="true" duration-ms="0" started-at="2017-06-13T12:57:11Z" finished-at="2017-06-13T12:57:11Z">
          <reporter-output>
          </reporter-output>
        </test-method> <!-- tearDown -->
        <test-method status="SKIP" signature="tearDown(org.testng.ITestResult)[pri:0, instance:KontaktTelecom.KontaktTelecom@2d3fcdbd]" name="tearDown" is-config="true" duration-ms="0" started-at="2017-06-13T12:57:11Z" finished-at="2017-06-13T12:57:11Z">
          <reporter-output>
          </reporter-output>
        </test-method> <!-- tearDown -->
        <test-method status="SKIP" signature="Sticker1()[pri:0, instance:KontaktTelecom.KontaktTelecom@2d3fcdbd]" name="Sticker1" duration-ms="0" started-at="2017-06-13T12:57:11Z" finished-at="2017-06-13T12:57:11Z">
          <reporter-output>
          </reporter-output>
        </test-method> <!-- Sticker1 -->
        <test-method status="SKIP" signature="Sticker2()[pri:0, instance:KontaktTelecom.KontaktTelecom@2d3fcdbd]" name="Sticker2" duration-ms="0" started-at="2017-06-13T12:57:11Z" finished-at="2017-06-13T12:57:11Z">
          <reporter-output>
          </reporter-output>
        </test-method> <!-- Sticker2 -->
        <test-method status="SKIP" signature="Sticker3()[pri:0, instance:KontaktTelecom.KontaktTelecom@2d3fcdbd]" name="Sticker3" duration-ms="0" started-at="2017-06-13T12:57:11Z" finished-at="2017-06-13T12:57:11Z">
          <reporter-output>
          </reporter-output>
        </test-method> <!-- Sticker3 -->
        <test-method status="SKIP" signature="tearDown(org.testng.ITestResult)[pri:0, instance:KontaktTelecom.KontaktTelecom@2d3fcdbd]" name="tearDown" is-config="true" duration-ms="0" started-at="2017-06-13T12:57:11Z" finished-at="2017-06-13T12:57:11Z">
          <reporter-output>
          </reporter-output>
        </test-method> <!-- tearDown -->
        <test-method status="SKIP" signature="Sticker4()[pri:0, instance:KontaktTelecom.KontaktTelecom@2d3fcdbd]" name="Sticker4" duration-ms="0" started-at="2017-06-13T12:57:11Z" finished-at="2017-06-13T12:57:11Z">
          <reporter-output>
          </reporter-output>
        </test-method> <!-- Sticker4 -->
        <test-method status="SKIP" signature="tearDown(org.testng.ITestResult)[pri:0, instance:KontaktTelecom.KontaktTelecom@2d3fcdbd]" name="tearDown" is-config="true" duration-ms="0" started-at="2017-06-13T12:57:11Z" finished-at="2017-06-13T12:57:11Z">
          <reporter-output>
          </reporter-output>
        </test-method> <!-- tearDown -->
        <test-method status="SKIP" signature="tearDown(org.testng.ITestResult)[pri:0, instance:KontaktTelecom.KontaktTelecom@2d3fcdbd]" name="tearDown" is-config="true" duration-ms="0" started-at="2017-06-13T12:57:11Z" finished-at="2017-06-13T12:57:11Z">
          <reporter-output>
          </reporter-output>
        </test-method> <!-- tearDown -->
        <test-method status="SKIP" signature="tearDown(org.testng.ITestResult)[pri:0, instance:KontaktTelecom.KontaktTelecom@2d3fcdbd]" name="tearDown" is-config="true" duration-ms="0" started-at="2017-06-13T12:57:11Z" finished-at="2017-06-13T12:57:11Z">
          <reporter-output>
          </reporter-output>
        </test-method> <!-- tearDown -->
        <test-method status="SKIP" signature="Sticker5()[pri:0, instance:KontaktTelecom.KontaktTelecom@2d3fcdbd]" name="Sticker5" duration-ms="0" started-at="2017-06-13T12:57:11Z" finished-at="2017-06-13T12:57:11Z">
          <reporter-output>
          </reporter-output>
        </test-method> <!-- Sticker5 -->
        <test-method status="SKIP" signature="tearDown(org.testng.ITestResult)[pri:0, instance:KontaktTelecom.KontaktTelecom@2d3fcdbd]" name="tearDown" is-config="true" duration-ms="0" started-at="2017-06-13T12:57:11Z" finished-at="2017-06-13T12:57:11Z">
          <reporter-output>
          </reporter-output>
        </test-method> <!-- tearDown -->
        <test-method status="SKIP" signature="Sticker6()[pri:0, instance:KontaktTelecom.KontaktTelecom@2d3fcdbd]" name="Sticker6" duration-ms="0" started-at="2017-06-13T12:57:11Z" finished-at="2017-06-13T12:57:11Z">
          <reporter-output>
          </reporter-output>
        </test-method> <!-- Sticker6 -->
        <test-method status="SKIP" signature="tearDown(org.testng.ITestResult)[pri:0, instance:KontaktTelecom.KontaktTelecom@2d3fcdbd]" name="tearDown" is-config="true" duration-ms="0" started-at="2017-06-13T12:57:11Z" finished-at="2017-06-13T12:57:11Z">
          <reporter-output>
          </reporter-output>
        </test-method> <!-- tearDown -->
        <test-method status="SKIP" signature="Sticker7()[pri:0, instance:KontaktTelecom.KontaktTelecom@2d3fcdbd]" name="Sticker7" duration-ms="0" started-at="2017-06-13T12:57:11Z" finished-at="2017-06-13T12:57:11Z">
          <reporter-output>
          </reporter-output>
        </test-method> <!-- Sticker7 -->
        <test-method status="SKIP" signature="Sticker8()[pri:0, instance:KontaktTelecom.KontaktTelecom@2d3fcdbd]" name="Sticker8" duration-ms="0" started-at="2017-06-13T12:57:11Z" finished-at="2017-06-13T12:57:11Z">
          <reporter-output>
          </reporter-output>
        </test-method> <!-- Sticker8 -->
        <test-method status="SKIP" signature="tearDown(org.testng.ITestResult)[pri:0, instance:KontaktTelecom.KontaktTelecom@2d3fcdbd]" name="tearDown" is-config="true" duration-ms="0" started-at="2017-06-13T12:57:11Z" finished-at="2017-06-13T12:57:11Z">
          <reporter-output>
          </reporter-output>
        </test-method> <!-- tearDown -->
      </class> <!-- KontaktTelecom.KontaktTelecom -->
    </test> <!-- Test -->
  </suite> <!-- Suite -->
</testng-results>
